<?xml version="1.0" encoding="UTF-8"?>
<!-- Generated by org.testng.reporters.JUnitReportReporter -->
<testsuite skipped="0" hostname="DESKTOP-OUS6GQJ" name="testCase.Login.AdduserTest" tests="4" failures="0" timestamp="2021-03-23T20:48:13 IST" time="55.326" errors="0">
  <testcase name="navigateToemp" time="12.537" classname="testCase.Login.AdduserTest"/>
  <system-out/>
  <testcase name="verifyNavigation" time="0.102" classname="testCase.Login.AdduserTest"/>
  <system-out/>
  <testcase name="AddEmloyee" time="34.925" classname="testCase.Login.AdduserTest"/>
  <system-out/>
  <testcase name="addJobDetails" time="7.762" classname="testCase.Login.AdduserTest"/>
  <system-out/>
</testsuite> <!-- testCase.Login.AdduserTest -->
