<?xml version="1.0" encoding="UTF-8"?>
<!-- Generated by org.testng.reporters.JUnitReportReporter -->
<testsuite skipped="0" hostname="DESKTOP-OUS6GQJ" name="testCase.Login.AdduserTest" tests="4" failures="0" timestamp="2021-05-31T11:55:31 IST" time="57.396" errors="0">
  <testcase name="navigateToemp" time="11.756" classname="testCase.Login.AdduserTest"/>
  <system-out/>
  <testcase name="verifyNavigation" time="0.056" classname="testCase.Login.AdduserTest"/>
  <system-out/>
  <testcase name="AddEmloyee" time="35.988" classname="testCase.Login.AdduserTest"/>
  <system-out/>
  <testcase name="addJobDetails" time="9.596" classname="testCase.Login.AdduserTest"/>
  <system-out/>
</testsuite> <!-- testCase.Login.AdduserTest -->
