<?xml version="1.0" encoding="UTF-8"?>
<!-- Generated by org.testng.reporters.JUnitReportReporter -->
<testsuite skipped="0" hostname="AB" name="testCase.Login.LoginTest" tests="1" failures="0" timestamp="2021-03-11T15:24:29 IST" time="9.525" errors="0">
  <testcase name="verifyLoginWithCreadentials" time="9.525" classname="testCase.Login.LoginTest"/>
  <system-out/>
</testsuite> <!-- testCase.Login.LoginTest -->
