<?xml version="1.0" encoding="UTF-8"?>
<!-- Generated by org.testng.reporters.JUnitReportReporter -->
<testsuite skipped="0" hostname="DESKTOP-OUS6GQJ" name="testCase.Login.AdduserTest" tests="4" failures="0" timestamp="2021-03-23T21:36:32 IST" time="54.794" errors="0">
  <testcase name="navigateToemp" time="11.898" classname="testCase.Login.AdduserTest"/>
  <system-out/>
  <testcase name="verifyNavigation" time="0.038" classname="testCase.Login.AdduserTest"/>
  <system-out/>
  <testcase name="AddEmloyee" time="35.416" classname="testCase.Login.AdduserTest"/>
  <system-out/>
  <testcase name="addJobDetails" time="7.442" classname="testCase.Login.AdduserTest"/>
  <system-out/>
</testsuite> <!-- testCase.Login.AdduserTest -->
